11:42:05,711 (AWT-EventQueue-0) INFO  [uniandes.isis2304.parranderos.negocio.Parranderos] - Limpiando la BD de Parranderos
11:42:05,809 (AWT-EventQueue-0) INFO  [uniandes.isis2304.parranderos.persistencia.PersistenciaParranderos] - Borrada la base de datos
11:42:05,810 (AWT-EventQueue-0) INFO  [uniandes.isis2304.parranderos.negocio.Parranderos] - Limpiando la BD de Parranderos: Listo!
17:49:19,884 (main) INFO  [uniandes.isis2304.parranderos.interfazApp.InterfazParranderosApp] - Se encontró un archivo de configuración válido: Interfaz
17:49:19,884 (main) INFO  [uniandes.isis2304.parranderos.interfazApp.InterfazParranderosApp] - Se aplica configuración indicada en el archivo de configuración
17:49:19,896 (main) INFO  [uniandes.isis2304.parranderos.interfazApp.InterfazParranderosApp] - Se encontró un archivo de configuración válido: Tablas BD
07:41:14,744 (main) INFO  [uniandes.isis2304.parranderos.interfazApp.InterfazParranderosApp] - Se encontró un archivo de configuración válido: Interfaz
07:41:14,745 (main) INFO  [uniandes.isis2304.parranderos.interfazApp.InterfazParranderosApp] - Se aplica configuración indicada en el archivo de configuración
07:41:14,783 (main) INFO  [uniandes.isis2304.parranderos.interfazApp.InterfazParranderosApp] - Se encontró un archivo de configuración válido: Tablas BD
07:50:27,737 (main) INFO  [uniandes.isis2304.parranderos.interfazApp.InterfazParranderosApp] - Se encontró un archivo de configuración válido: Interfaz
07:50:27,737 (main) INFO  [uniandes.isis2304.parranderos.interfazApp.InterfazParranderosApp] - Se aplica configuración indicada en el archivo de configuración
07:50:27,758 (main) INFO  [uniandes.isis2304.parranderos.interfazApp.InterfazParranderosApp] - Se encontró un archivo de configuración válido: Tablas BD
07:53:19,849 (main) INFO  [uniandes.isis2304.parranderos.interfazApp.InterfazParranderosApp] - Se encontró un archivo de configuración válido: Interfaz
07:53:19,850 (main) INFO  [uniandes.isis2304.parranderos.interfazApp.InterfazParranderosApp] - Se aplica configuración indicada en el archivo de configuración
07:53:19,888 (main) INFO  [uniandes.isis2304.parranderos.interfazApp.InterfazParranderosApp] - Se encontró un archivo de configuración válido: Tablas BD
07:53:28,480 (main) INFO  [uniandes.isis2304.parranderos.interfazApp.InterfazParranderosApp] - Se encontró un archivo de configuración válido: Interfaz
07:53:28,481 (main) INFO  [uniandes.isis2304.parranderos.interfazApp.InterfazParranderosApp] - Se aplica configuración indicada en el archivo de configuración
07:53:28,518 (main) INFO  [uniandes.isis2304.parranderos.interfazApp.InterfazParranderosApp] - Se encontró un archivo de configuración válido: Tablas BD
07:54:07,772 (main) INFO  [uniandes.isis2304.parranderos.interfazApp.InterfazParranderosApp] - Se encontró un archivo de configuración válido: Interfaz
07:54:07,773 (main) INFO  [uniandes.isis2304.parranderos.interfazApp.InterfazParranderosApp] - Se aplica configuración indicada en el archivo de configuración
07:54:07,840 (main) INFO  [uniandes.isis2304.parranderos.interfazApp.InterfazParranderosApp] - Se encontró un archivo de configuración válido: Tablas BD
11:20:32,091 (main) INFO  [uniandes.isis2304.parranderos.interfazApp.InterfazParranderosApp] - Se encontró un archivo de configuración válido: Interfaz
11:20:32,092 (main) INFO  [uniandes.isis2304.parranderos.interfazApp.InterfazParranderosApp] - Se aplica configuración indicada en el archivo de configuración
11:20:32,109 (main) INFO  [uniandes.isis2304.parranderos.interfazApp.InterfazParranderosApp] - Se encontró un archivo de configuración válido: Tablas BD
11:40:10,572 (main) INFO  [uniandes.isis2304.SuperAndes.interfazApp.InterfazSuperAndesApp] - Se encontró un archivo de configuración válido: Interfaz
11:40:10,573 (main) INFO  [uniandes.isis2304.SuperAndes.interfazApp.InterfazSuperAndesApp] - Se aplica configuración indicada en el archivo de configuración
11:40:10,587 (main) INFO  [uniandes.isis2304.SuperAndes.interfazApp.InterfazSuperAndesApp] - NO se encontró un archivo de configuración válido
11:44:26,782 (main) INFO  [uniandes.isis2304.SuperAndes.interfazApp.InterfazSuperAndesApp] - Se encontró un archivo de configuración válido: Interfaz
11:44:26,783 (main) INFO  [uniandes.isis2304.SuperAndes.interfazApp.InterfazSuperAndesApp] - Se aplica configuración indicada en el archivo de configuración
11:44:26,800 (main) INFO  [uniandes.isis2304.SuperAndes.interfazApp.InterfazSuperAndesApp] - Se encontró un archivo de configuración válido: Tablas BD
12:18:02,438 (main) INFO  [uniandes.isis2304.SuperAndes.interfazApp.InterfazSuperAndesApp] - Se encontró un archivo de configuración válido: Interfaz
12:18:02,439 (main) INFO  [uniandes.isis2304.SuperAndes.interfazApp.InterfazSuperAndesApp] - Se aplica configuración indicada en el archivo de configuración
12:18:02,455 (main) INFO  [uniandes.isis2304.SuperAndes.interfazApp.InterfazSuperAndesApp] - Se encontró un archivo de configuración válido: Tablas BD
12:18:15,737 (main) INFO  [uniandes.isis2304.SuperAndes.interfazApp.InterfazSuperAndesApp] - Se encontró un archivo de configuración válido: Interfaz
12:18:15,738 (main) INFO  [uniandes.isis2304.SuperAndes.interfazApp.InterfazSuperAndesApp] - Se aplica configuración indicada en el archivo de configuración
12:18:15,753 (main) INFO  [uniandes.isis2304.SuperAndes.interfazApp.InterfazSuperAndesApp] - Se encontró un archivo de configuración válido: Tablas BD
13:08:13,986 (main) INFO  [uniandes.isis2304.SuperAndes.interfazApp.InterfazSuperAndesApp] - Se encontró un archivo de configuración válido: Interfaz
13:08:13,986 (main) INFO  [uniandes.isis2304.SuperAndes.interfazApp.InterfazSuperAndesApp] - Se aplica configuración indicada en el archivo de configuración
13:08:14,004 (main) INFO  [uniandes.isis2304.SuperAndes.interfazApp.InterfazSuperAndesApp] - Se encontró un archivo de configuración válido: Tablas BD
14:00:53,262 (main) INFO  [uniandes.isis2304.SuperAndes.interfazApp.InterfazSuperAndesApp] - Se encontró un archivo de configuración válido: Interfaz
14:00:53,263 (main) INFO  [uniandes.isis2304.SuperAndes.interfazApp.InterfazSuperAndesApp] - Se aplica configuración indicada en el archivo de configuración
14:00:53,297 (main) INFO  [uniandes.isis2304.SuperAndes.interfazApp.InterfazSuperAndesApp] - Se encontró un archivo de configuración válido: Tablas BD
22:13:15,829 (main) INFO  [uniandes.isis2304.SuperAndes.interfazApp.InterfazSuperAndesApp] - Se encontró un archivo de configuración válido: Interfaz
22:13:15,830 (main) INFO  [uniandes.isis2304.SuperAndes.interfazApp.InterfazSuperAndesApp] - Se aplica configuración indicada en el archivo de configuración
22:13:15,846 (main) INFO  [uniandes.isis2304.SuperAndes.interfazApp.InterfazSuperAndesApp] - Se encontró un archivo de configuración válido: Tablas BD
00:18:24,611 (main) INFO  [uniandes.isis2304.SuperAndes.interfazApp.InterfazSuperAndesApp] - Se encontró un archivo de configuración válido: Interfaz
00:18:24,612 (main) INFO  [uniandes.isis2304.SuperAndes.interfazApp.InterfazSuperAndesApp] - Se aplica configuración indicada en el archivo de configuración
00:18:24,628 (main) INFO  [uniandes.isis2304.SuperAndes.interfazApp.InterfazSuperAndesApp] - Se encontró un archivo de configuración válido: Tablas BD
00:20:12,920 (main) INFO  [uniandes.isis2304.SuperAndes.interfazApp.InterfazSuperAndesApp] - Se encontró un archivo de configuración válido: Interfaz
00:20:12,921 (main) INFO  [uniandes.isis2304.SuperAndes.interfazApp.InterfazSuperAndesApp] - Se aplica configuración indicada en el archivo de configuración
00:20:12,942 (main) INFO  [uniandes.isis2304.SuperAndes.interfazApp.InterfazSuperAndesApp] - Se encontró un archivo de configuración válido: Tablas BD
00:25:10,937 (main) INFO  [uniandes.isis2304.SuperAndes.interfazApp.InterfazSuperAndesApp] - Se encontró un archivo de configuración válido: Interfaz
00:25:10,937 (main) INFO  [uniandes.isis2304.SuperAndes.interfazApp.InterfazSuperAndesApp] - Se aplica configuración indicada en el archivo de configuración
00:25:10,956 (main) INFO  [uniandes.isis2304.SuperAndes.interfazApp.InterfazSuperAndesApp] - Se encontró un archivo de configuración válido: Tablas BD
00:25:15,209 (AWT-EventQueue-0) INFO  [uniandes.isis2304.SuperAndes.negocio.SuperAndes] - Generando los VO de las Bodegas
00:25:15,345 (AWT-EventQueue-0) INFO  [uniandes.isis2304.SuperAndes.negocio.SuperAndes] - Generando los VO de las Bodegas: 0 existentes
00:26:43,523 (AWT-EventQueue-0) INFO  [uniandes.isis2304.SuperAndes.negocio.SuperAndes] - Generando los VO de las Bodegas
00:26:43,578 (AWT-EventQueue-0) INFO  [uniandes.isis2304.SuperAndes.negocio.SuperAndes] - Generando los VO de las Bodegas: 0 existentes
00:46:17,545 (main) INFO  [uniandes.isis2304.SuperAndes.interfazApp.InterfazSuperAndesApp] - Se encontró un archivo de configuración válido: Interfaz
00:46:17,546 (main) INFO  [uniandes.isis2304.SuperAndes.interfazApp.InterfazSuperAndesApp] - Se aplica configuración indicada en el archivo de configuración
00:46:17,567 (main) INFO  [uniandes.isis2304.SuperAndes.interfazApp.InterfazSuperAndesApp] - Se encontró un archivo de configuración válido: Tablas BD
00:46:51,483 (main) INFO  [uniandes.isis2304.SuperAndes.interfazApp.InterfazSuperAndesApp] - Se encontró un archivo de configuración válido: Interfaz
00:46:51,483 (main) INFO  [uniandes.isis2304.SuperAndes.interfazApp.InterfazSuperAndesApp] - Se aplica configuración indicada en el archivo de configuración
00:46:51,501 (main) INFO  [uniandes.isis2304.SuperAndes.interfazApp.InterfazSuperAndesApp] - Se encontró un archivo de configuración válido: Tablas BD
00:48:50,220 (main) INFO  [uniandes.isis2304.SuperAndes.interfazApp.InterfazSuperAndesApp] - Se encontró un archivo de configuración válido: Interfaz
00:48:50,220 (main) INFO  [uniandes.isis2304.SuperAndes.interfazApp.InterfazSuperAndesApp] - Se aplica configuración indicada en el archivo de configuración
00:48:50,235 (main) INFO  [uniandes.isis2304.SuperAndes.interfazApp.InterfazSuperAndesApp] - Se encontró un archivo de configuración válido: Tablas BD
00:49:01,224 (AWT-EventQueue-0) INFO  [uniandes.isis2304.SuperAndes.negocio.SuperAndes] - Generando los VO de los Tipos de Productos
00:49:01,427 (AWT-EventQueue-0) INFO  [uniandes.isis2304.SuperAndes.negocio.SuperAndes] - Generando los VO de los Tipos de Productos: 3 existentes
00:53:19,764 (main) INFO  [uniandes.isis2304.SuperAndes.interfazApp.InterfazSuperAndesApp] - Se encontró un archivo de configuración válido: Interfaz
00:53:19,765 (main) INFO  [uniandes.isis2304.SuperAndes.interfazApp.InterfazSuperAndesApp] - Se aplica configuración indicada en el archivo de configuración
00:53:19,779 (main) INFO  [uniandes.isis2304.SuperAndes.interfazApp.InterfazSuperAndesApp] - Se encontró un archivo de configuración válido: Tablas BD
00:53:24,970 (AWT-EventQueue-0) INFO  [uniandes.isis2304.SuperAndes.negocio.SuperAndes] - Generando los VO de los Proveedores
00:53:25,074 (AWT-EventQueue-0) INFO  [uniandes.isis2304.SuperAndes.negocio.SuperAndes] - Generando los VO de los Proveedores: 3 existentes
00:53:28,251 (AWT-EventQueue-0) INFO  [uniandes.isis2304.SuperAndes.negocio.SuperAndes] - Generando los VO de los Tipos de Productos
00:53:28,296 (AWT-EventQueue-0) INFO  [uniandes.isis2304.SuperAndes.negocio.SuperAndes] - Generando los VO de los Tipos de Productos: 3 existentes
00:53:30,204 (AWT-EventQueue-0) INFO  [uniandes.isis2304.SuperAndes.negocio.SuperAndes] - Generando los VO de los Proveedores
00:53:30,240 (AWT-EventQueue-0) INFO  [uniandes.isis2304.SuperAndes.negocio.SuperAndes] - Generando los VO de los Proveedores: 3 existentes
23:00:47,278 (main) INFO  [uniandes.isis2304.SuperAndes.interfazApp.InterfazSuperAndesApp] - Se encontró un archivo de configuración válido: Interfaz
23:00:47,279 (main) INFO  [uniandes.isis2304.SuperAndes.interfazApp.InterfazSuperAndesApp] - Se aplica configuración indicada en el archivo de configuración
23:00:47,298 (main) INFO  [uniandes.isis2304.SuperAndes.interfazApp.InterfazSuperAndesApp] - Se encontró un archivo de configuración válido: Tablas BD
23:00:53,335 (AWT-EventQueue-0) INFO  [uniandes.isis2304.SuperAndes.negocio.SuperAndes] - Generando los VO de los Proveedores
23:00:53,434 (AWT-EventQueue-0) INFO  [uniandes.isis2304.SuperAndes.negocio.SuperAndes] - Generando los VO de los Proveedores: 3 existentes
23:00:57,816 (AWT-EventQueue-0) INFO  [uniandes.isis2304.SuperAndes.negocio.SuperAndes] - Generando los VO de los Tipos de Productos
23:00:57,893 (AWT-EventQueue-0) INFO  [uniandes.isis2304.SuperAndes.negocio.SuperAndes] - Generando los VO de los Tipos de Productos: 3 existentes
23:04:30,530 (main) INFO  [uniandes.isis2304.SuperAndes.interfazApp.InterfazSuperAndesApp] - Se encontró un archivo de configuración válido: Interfaz
23:04:30,530 (main) INFO  [uniandes.isis2304.SuperAndes.interfazApp.InterfazSuperAndesApp] - Se aplica configuración indicada en el archivo de configuración
23:04:30,557 (main) INFO  [uniandes.isis2304.SuperAndes.interfazApp.InterfazSuperAndesApp] - Se encontró un archivo de configuración válido: Tablas BD
23:05:49,155 (main) INFO  [uniandes.isis2304.SuperAndes.interfazApp.InterfazSuperAndesApp] - Se encontró un archivo de configuración válido: Interfaz
23:05:49,156 (main) INFO  [uniandes.isis2304.SuperAndes.interfazApp.InterfazSuperAndesApp] - Se aplica configuración indicada en el archivo de configuración
23:05:49,171 (main) INFO  [uniandes.isis2304.SuperAndes.interfazApp.InterfazSuperAndesApp] - Se encontró un archivo de configuración válido: Tablas BD
23:08:33,015 (main) INFO  [uniandes.isis2304.SuperAndes.interfazApp.InterfazSuperAndesApp] - Se encontró un archivo de configuración válido: Interfaz
23:08:33,015 (main) INFO  [uniandes.isis2304.SuperAndes.interfazApp.InterfazSuperAndesApp] - Se aplica configuración indicada en el archivo de configuración
23:08:33,029 (main) INFO  [uniandes.isis2304.SuperAndes.interfazApp.InterfazSuperAndesApp] - Se encontró un archivo de configuración válido: Tablas BD
16:40:05,887 (main) INFO  [uniandes.isis2304.SuperAndes.interfazApp.InterfazSuperAndesApp] - Se encontró un archivo de configuración válido: Interfaz
16:40:05,889 (main) INFO  [uniandes.isis2304.SuperAndes.interfazApp.InterfazSuperAndesApp] - Se aplica configuración indicada en el archivo de configuración
16:40:05,954 (main) INFO  [uniandes.isis2304.SuperAndes.interfazApp.InterfazSuperAndesApp] - Se encontró un archivo de configuración válido: Tablas BD
16:40:14,003 (main) INFO  [uniandes.isis2304.SuperAndes.interfazApp.InterfazSuperAndesApp] - Se encontró un archivo de configuración válido: Interfaz
16:40:14,004 (main) INFO  [uniandes.isis2304.SuperAndes.interfazApp.InterfazSuperAndesApp] - Se aplica configuración indicada en el archivo de configuración
16:40:14,025 (main) INFO  [uniandes.isis2304.SuperAndes.interfazApp.InterfazSuperAndesApp] - Se encontró un archivo de configuración válido: Tablas BD
16:40:37,703 (main) INFO  [uniandes.isis2304.SuperAndes.interfazApp.InterfazSuperAndesApp] - Se encontró un archivo de configuración válido: Interfaz
16:40:37,704 (main) INFO  [uniandes.isis2304.SuperAndes.interfazApp.InterfazSuperAndesApp] - Se aplica configuración indicada en el archivo de configuración
16:40:37,734 (main) INFO  [uniandes.isis2304.SuperAndes.interfazApp.InterfazSuperAndesApp] - Se encontró un archivo de configuración válido: Tablas BD
16:40:42,651 (AWT-EventQueue-0) INFO  [uniandes.isis2304.SuperAndes.negocio.SuperAndes] - Generando los VO de los Proveedores
16:40:43,947 (AWT-EventQueue-0) INFO  [uniandes.isis2304.SuperAndes.negocio.SuperAndes] - Generando los VO de los Proveedores: 3 existentes
16:40:48,656 (AWT-EventQueue-0) INFO  [uniandes.isis2304.SuperAndes.negocio.SuperAndes] - Generando los VO de los Tipos de Productos
16:40:49,602 (AWT-EventQueue-0) INFO  [uniandes.isis2304.SuperAndes.negocio.SuperAndes] - Generando los VO de los Tipos de Productos: 3 existentes
16:50:12,001 (main) INFO  [uniandes.isis2304.SuperAndes.interfazApp.InterfazSuperAndesApp] - Se encontró un archivo de configuración válido: Interfaz
16:50:12,002 (main) INFO  [uniandes.isis2304.SuperAndes.interfazApp.InterfazSuperAndesApp] - Se aplica configuración indicada en el archivo de configuración
16:50:12,068 (main) INFO  [uniandes.isis2304.SuperAndes.interfazApp.InterfazSuperAndesApp] - Se encontró un archivo de configuración válido: Tablas BD
16:50:27,567 (AWT-EventQueue-0) INFO  [uniandes.isis2304.SuperAndes.negocio.SuperAndes] - Generando los VO de los Proveedores
16:50:29,028 (AWT-EventQueue-0) INFO  [uniandes.isis2304.SuperAndes.negocio.SuperAndes] - Generando los VO de los Proveedores: 3 existentes
16:50:36,290 (main) INFO  [uniandes.isis2304.SuperAndes.interfazApp.InterfazSuperAndesApp] - Se encontró un archivo de configuración válido: Interfaz
16:50:36,292 (main) INFO  [uniandes.isis2304.SuperAndes.interfazApp.InterfazSuperAndesApp] - Se aplica configuración indicada en el archivo de configuración
16:50:36,358 (main) INFO  [uniandes.isis2304.SuperAndes.interfazApp.InterfazSuperAndesApp] - Se encontró un archivo de configuración válido: Tablas BD
16:50:50,196 (main) INFO  [uniandes.isis2304.SuperAndes.interfazApp.InterfazSuperAndesApp] - Se encontró un archivo de configuración válido: Interfaz
16:50:50,197 (main) INFO  [uniandes.isis2304.SuperAndes.interfazApp.InterfazSuperAndesApp] - Se aplica configuración indicada en el archivo de configuración
16:50:50,219 (main) INFO  [uniandes.isis2304.SuperAndes.interfazApp.InterfazSuperAndesApp] - Se encontró un archivo de configuración válido: Tablas BD
23:37:53,970 (main) INFO  [uniandes.isis2304.SuperAndes.interfazApp.InterfazSuperAndesApp] - NO se encontró un archivo de configuración válido
23:37:57,662 (main) INFO  [uniandes.isis2304.SuperAndes.interfazApp.InterfazSuperAndesApp] - Se aplica configuración por defecto
23:37:57,679 (main) INFO  [uniandes.isis2304.SuperAndes.interfazApp.InterfazSuperAndesApp] - Se encontró un archivo de configuración válido: Tablas BD
23:38:28,241 (main) INFO  [uniandes.isis2304.SuperAndes.interfazApp.InterfazSuperAndesApp] - NO se encontró un archivo de configuración válido
23:38:35,915 (main) INFO  [uniandes.isis2304.SuperAndes.interfazApp.InterfazSuperAndesApp] - Se aplica configuración por defecto
23:38:35,922 (main) INFO  [uniandes.isis2304.SuperAndes.interfazApp.InterfazSuperAndesApp] - Se encontró un archivo de configuración válido: Tablas BD
23:42:17,138 (main) INFO  [uniandes.isis2304.SuperAndes.interfazApp.InterfazSuperAndesApp] - NO se encontró un archivo de configuración válido
23:42:19,172 (main) INFO  [uniandes.isis2304.SuperAndes.interfazApp.InterfazSuperAndesApp] - Se aplica configuración por defecto
23:42:19,180 (main) INFO  [uniandes.isis2304.SuperAndes.interfazApp.InterfazSuperAndesApp] - Se encontró un archivo de configuración válido: Tablas BD
23:43:06,177 (main) INFO  [uniandes.isis2304.SuperAndes.interfazApp.InterfazSuperAndesApp] - NO se encontró un archivo de configuración válido
23:43:08,475 (main) INFO  [uniandes.isis2304.SuperAndes.interfazApp.InterfazSuperAndesApp] - Se aplica configuración por defecto
23:43:08,483 (main) INFO  [uniandes.isis2304.SuperAndes.interfazApp.InterfazSuperAndesApp] - Se encontró un archivo de configuración válido: Tablas BD
23:43:45,910 (main) INFO  [uniandes.isis2304.SuperAndes.interfazApp.InterfazSuperAndesApp] - Se encontró un archivo de configuración válido: Interfaz
23:43:45,911 (main) INFO  [uniandes.isis2304.SuperAndes.interfazApp.InterfazSuperAndesApp] - Se aplica configuración indicada en el archivo de configuración
23:43:45,924 (main) INFO  [uniandes.isis2304.SuperAndes.interfazApp.InterfazSuperAndesApp] - Se encontró un archivo de configuración válido: Tablas BD
23:44:01,504 (main) INFO  [uniandes.isis2304.SuperAndes.interfazApp.InterfazSuperAndesApp] - Se encontró un archivo de configuración válido: Interfaz
23:44:01,504 (main) INFO  [uniandes.isis2304.SuperAndes.interfazApp.InterfazSuperAndesApp] - Se aplica configuración indicada en el archivo de configuración
23:44:01,512 (main) INFO  [uniandes.isis2304.SuperAndes.interfazApp.InterfazSuperAndesApp] - Se encontró un archivo de configuración válido: Tablas BD
23:52:55,748 (main) INFO  [uniandes.isis2304.SuperAndes.interfazApp.InterfazSuperAndesApp] - Se encontró un archivo de configuración válido: Interfaz
23:52:55,750 (main) INFO  [uniandes.isis2304.SuperAndes.interfazApp.InterfazSuperAndesApp] - Se aplica configuración indicada en el archivo de configuración
23:53:16,292 (main) INFO  [uniandes.isis2304.SuperAndes.interfazApp.InterfazSuperAndesApp] - Se encontró un archivo de configuración válido: Interfaz
23:53:16,293 (main) INFO  [uniandes.isis2304.SuperAndes.interfazApp.InterfazSuperAndesApp] - Se aplica configuración indicada en el archivo de configuración
23:53:22,992 (main) INFO  [uniandes.isis2304.SuperAndes.interfazApp.InterfazSuperAndesApp] - Se encontró un archivo de configuración válido: Interfaz
23:53:22,993 (main) INFO  [uniandes.isis2304.SuperAndes.interfazApp.InterfazSuperAndesApp] - Se aplica configuración indicada en el archivo de configuración
23:53:23,013 (main) INFO  [uniandes.isis2304.SuperAndes.interfazApp.InterfazSuperAndesApp] - Se encontró un archivo de configuración válido: Tablas BD
23:54:09,516 (main) INFO  [uniandes.isis2304.SuperAndes.interfazApp.InterfazSuperAndesApp] - Se encontró un archivo de configuración válido: Interfaz
23:54:09,517 (main) INFO  [uniandes.isis2304.SuperAndes.interfazApp.InterfazSuperAndesApp] - Se aplica configuración indicada en el archivo de configuración
23:54:09,530 (main) INFO  [uniandes.isis2304.SuperAndes.interfazApp.InterfazSuperAndesApp] - Se encontró un archivo de configuración válido: Tablas BD
23:56:11,973 (main) INFO  [uniandes.isis2304.SuperAndes.interfazApp.InterfazSuperAndesApp] - Se encontró un archivo de configuración válido: Interfaz
23:56:11,974 (main) INFO  [uniandes.isis2304.SuperAndes.interfazApp.InterfazSuperAndesApp] - Se aplica configuración indicada en el archivo de configuración
23:56:11,991 (main) INFO  [uniandes.isis2304.SuperAndes.interfazApp.InterfazSuperAndesApp] - Se encontró un archivo de configuración válido: Tablas BD
23:56:26,672 (main) INFO  [uniandes.isis2304.SuperAndes.interfazApp.InterfazSuperAndesApp] - Se encontró un archivo de configuración válido: Interfaz
23:56:26,672 (main) INFO  [uniandes.isis2304.SuperAndes.interfazApp.InterfazSuperAndesApp] - Se aplica configuración indicada en el archivo de configuración
23:56:26,690 (main) INFO  [uniandes.isis2304.SuperAndes.interfazApp.InterfazSuperAndesApp] - Se encontró un archivo de configuración válido: Tablas BD
23:56:39,472 (main) INFO  [uniandes.isis2304.SuperAndes.interfazApp.InterfazSuperAndesApp] - Se encontró un archivo de configuración válido: Interfaz
23:56:39,472 (main) INFO  [uniandes.isis2304.SuperAndes.interfazApp.InterfazSuperAndesApp] - Se aplica configuración indicada en el archivo de configuración
23:56:39,485 (main) INFO  [uniandes.isis2304.SuperAndes.interfazApp.InterfazSuperAndesApp] - Se encontró un archivo de configuración válido: Tablas BD
23:57:43,314 (main) INFO  [uniandes.isis2304.SuperAndes.interfazApp.InterfazSuperAndesApp] - Se encontró un archivo de configuración válido: Interfaz
23:57:43,315 (main) INFO  [uniandes.isis2304.SuperAndes.interfazApp.InterfazSuperAndesApp] - Se aplica configuración indicada en el archivo de configuración
23:57:43,328 (main) INFO  [uniandes.isis2304.SuperAndes.interfazApp.InterfazSuperAndesApp] - Se encontró un archivo de configuración válido: Tablas BD
00:08:08,774 (main) INFO  [uniandes.isis2304.SuperAndes.interfazApp.InterfazSuperAndesApp] - Se encontró un archivo de configuración válido: Interfaz
00:08:08,775 (main) INFO  [uniandes.isis2304.SuperAndes.interfazApp.InterfazSuperAndesApp] - Se aplica configuración indicada en el archivo de configuración
00:08:08,809 (main) INFO  [uniandes.isis2304.SuperAndes.interfazApp.InterfazSuperAndesApp] - Se encontró un archivo de configuración válido: Tablas BD
00:08:30,927 (AWT-EventQueue-0) INFO  [uniandes.isis2304.SuperAndes.negocio.SuperAndes] - Adicionando Tipo de Usuario: Administrador
00:08:32,327 (AWT-EventQueue-0) INFO  [uniandes.isis2304.SuperAndes.negocio.SuperAndes] - Adicionando Tipo de Usuario: TipoUsuario [id=1, tipo=Administrador]
00:12:28,789 (main) INFO  [uniandes.isis2304.SuperAndes.interfazApp.InterfazSuperAndesApp] - Se encontró un archivo de configuración válido: Interfaz
00:12:28,789 (main) INFO  [uniandes.isis2304.SuperAndes.interfazApp.InterfazSuperAndesApp] - Se aplica configuración indicada en el archivo de configuración
00:12:28,814 (main) INFO  [uniandes.isis2304.SuperAndes.interfazApp.InterfazSuperAndesApp] - Se encontró un archivo de configuración válido: Tablas BD
00:12:44,967 (AWT-EventQueue-0) INFO  [uniandes.isis2304.SuperAndes.negocio.SuperAndes] - Adicionando Tipo de Usuario: Administrador
00:12:46,205 (AWT-EventQueue-0) INFO  [uniandes.isis2304.SuperAndes.negocio.SuperAndes] - Adicionando Tipo de Usuario: TipoUsuario [id=1, tipo=Administrador]
00:12:57,150 (AWT-EventQueue-0) INFO  [uniandes.isis2304.SuperAndes.negocio.SuperAndes] - Adicionando Tipo de Usuario: Administrador
00:12:57,235 (AWT-EventQueue-0) ERROR [uniandes.isis2304.SuperAndes.persistencia.PersistenciaSuperAndes] - Exception : Error con la ejecucion de Query de SQL "INSERT INTO TIPO_USUARIO(id, tipo) values (?, ?)".
ORA-00001: restricción única (ISIS2304A33202220.SYS_C00720132) violada

00:12:57,275 (AWT-EventQueue-0) INFO  [uniandes.isis2304.SuperAndes.negocio.SuperAndes] - Adicionando Tipo de Usuario: null
00:13:10,312 (AWT-EventQueue-0) INFO  [uniandes.isis2304.SuperAndes.negocio.SuperAndes] - Adicionando Tipo de Usuario: Caca
00:13:10,347 (AWT-EventQueue-0) ERROR [uniandes.isis2304.SuperAndes.persistencia.PersistenciaSuperAndes] - Exception : Error con la ejecucion de Query de SQL "INSERT INTO TIPO_USUARIO(id, tipo) values (?, ?)".
ORA-02290: restricción de control (ISIS2304A33202220.CHECK_TIPOUSUARIO) violada

00:13:10,359 (AWT-EventQueue-0) INFO  [uniandes.isis2304.SuperAndes.negocio.SuperAndes] - Adicionando Tipo de Usuario: null
00:31:10,907 (main) INFO  [uniandes.isis2304.SuperAndes.interfazApp.InterfazSuperAndesApp] - Se encontró un archivo de configuración válido: Interfaz
00:31:10,908 (main) INFO  [uniandes.isis2304.SuperAndes.interfazApp.InterfazSuperAndesApp] - Se aplica configuración indicada en el archivo de configuración
00:31:10,931 (main) INFO  [uniandes.isis2304.SuperAndes.interfazApp.InterfazSuperAndesApp] - Se encontró un archivo de configuración válido: Tablas BD
00:32:19,043 (main) INFO  [uniandes.isis2304.SuperAndes.interfazApp.InterfazSuperAndesApp] - Se encontró un archivo de configuración válido: Interfaz
00:32:19,043 (main) INFO  [uniandes.isis2304.SuperAndes.interfazApp.InterfazSuperAndesApp] - Se aplica configuración indicada en el archivo de configuración
00:32:19,062 (main) INFO  [uniandes.isis2304.SuperAndes.interfazApp.InterfazSuperAndesApp] - Se encontró un archivo de configuración válido: Tablas BD
00:33:33,564 (AWT-EventQueue-0) INFO  [uniandes.isis2304.SuperAndes.negocio.SuperAndes] - Adicionando Sucursal: Jumbo Bella Suiza
00:33:34,355 (AWT-EventQueue-0) INFO  [uniandes.isis2304.SuperAndes.negocio.SuperAndes] - Adicionando Sucursal: Sucursal [id=4, nombre=Jumbo Bella Suiza, pais=Colombia, ciudad=Bogotá, direccion=Carrera 7c #127A-46, id_Supermercado=1]
00:41:02,667 (main) INFO  [uniandes.isis2304.SuperAndes.interfazApp.InterfazSuperAndesApp] - Se encontró un archivo de configuración válido: Interfaz
00:41:02,668 (main) INFO  [uniandes.isis2304.SuperAndes.interfazApp.InterfazSuperAndesApp] - Se aplica configuración indicada en el archivo de configuración
00:41:02,684 (main) INFO  [uniandes.isis2304.SuperAndes.interfazApp.InterfazSuperAndesApp] - Se encontró un archivo de configuración válido: Tablas BD
00:41:24,449 (AWT-EventQueue-0) INFO  [uniandes.isis2304.SuperAndes.negocio.SuperAndes] - Adicionando Tipo de Usuario: Gerente General
00:41:25,092 (AWT-EventQueue-0) INFO  [uniandes.isis2304.SuperAndes.negocio.SuperAndes] - Adicionando Tipo de Usuario: TipoUsuario [id=5, tipo=Gerente General]
00:41:44,212 (AWT-EventQueue-0) INFO  [uniandes.isis2304.SuperAndes.negocio.SuperAndes] - Adicionando Tipo de Usuario: Gerente Sucursal
00:41:44,281 (AWT-EventQueue-0) INFO  [uniandes.isis2304.SuperAndes.negocio.SuperAndes] - Adicionando Tipo de Usuario: TipoUsuario [id=6, tipo=Gerente Sucursal]
00:41:54,983 (AWT-EventQueue-0) INFO  [uniandes.isis2304.SuperAndes.negocio.SuperAndes] - Adicionando Tipo de Usuario: Cajero
00:41:55,052 (AWT-EventQueue-0) INFO  [uniandes.isis2304.SuperAndes.negocio.SuperAndes] - Adicionando Tipo de Usuario: TipoUsuario [id=7, tipo=Cajero]
00:42:00,696 (AWT-EventQueue-0) INFO  [uniandes.isis2304.SuperAndes.negocio.SuperAndes] - Adicionando Tipo de Usuario: Operador
00:42:00,764 (AWT-EventQueue-0) INFO  [uniandes.isis2304.SuperAndes.negocio.SuperAndes] - Adicionando Tipo de Usuario: TipoUsuario [id=8, tipo=Operador]
01:13:08,637 (main) INFO  [uniandes.isis2304.SuperAndes.interfazApp.InterfazSuperAndesApp] - Se encontró un archivo de configuración válido: Interfaz
01:13:08,639 (main) INFO  [uniandes.isis2304.SuperAndes.interfazApp.InterfazSuperAndesApp] - Se aplica configuración indicada en el archivo de configuración
01:13:08,671 (main) INFO  [uniandes.isis2304.SuperAndes.interfazApp.InterfazSuperAndesApp] - Se encontró un archivo de configuración válido: Tablas BD
02:31:35,546 (main) INFO  [uniandes.isis2304.SuperAndes.interfazApp.InterfazSuperAndesApp] - NO se encontró un archivo de configuración válido
02:31:37,158 (main) INFO  [uniandes.isis2304.SuperAndes.interfazApp.InterfazSuperAndesApp] - Se aplica configuración por defecto
02:31:37,161 (main) INFO  [uniandes.isis2304.SuperAndes.interfazApp.InterfazSuperAndesApp] - Se encontró un archivo de configuración válido: Tablas BD
02:32:00,611 (main) INFO  [uniandes.isis2304.SuperAndes.interfazApp.InterfazSuperAndesApp] - NO se encontró un archivo de configuración válido
02:32:01,815 (main) INFO  [uniandes.isis2304.SuperAndes.interfazApp.InterfazSuperAndesApp] - Se aplica configuración por defecto
02:32:01,818 (main) INFO  [uniandes.isis2304.SuperAndes.interfazApp.InterfazSuperAndesApp] - Se encontró un archivo de configuración válido: Tablas BD
02:32:18,163 (main) INFO  [uniandes.isis2304.SuperAndes.interfazApp.InterfazSuperAndesApp] - NO se encontró un archivo de configuración válido
02:32:23,058 (main) INFO  [uniandes.isis2304.SuperAndes.interfazApp.InterfazSuperAndesApp] - Se aplica configuración por defecto
02:32:23,061 (main) INFO  [uniandes.isis2304.SuperAndes.interfazApp.InterfazSuperAndesApp] - Se encontró un archivo de configuración válido: Tablas BD
02:32:33,059 (main) INFO  [uniandes.isis2304.SuperAndes.interfazApp.InterfazSuperAndesApp] - NO se encontró un archivo de configuración válido
02:32:34,063 (main) INFO  [uniandes.isis2304.SuperAndes.interfazApp.InterfazSuperAndesApp] - Se aplica configuración por defecto
02:32:34,067 (main) INFO  [uniandes.isis2304.SuperAndes.interfazApp.InterfazSuperAndesApp] - Se encontró un archivo de configuración válido: Tablas BD
02:32:49,570 (main) INFO  [uniandes.isis2304.SuperAndes.interfazApp.InterfazSuperAndesApp] - NO se encontró un archivo de configuración válido
02:32:54,285 (main) INFO  [uniandes.isis2304.SuperAndes.interfazApp.InterfazSuperAndesApp] - Se aplica configuración por defecto
02:32:54,288 (main) INFO  [uniandes.isis2304.SuperAndes.interfazApp.InterfazSuperAndesApp] - Se encontró un archivo de configuración válido: Tablas BD
02:33:11,279 (main) INFO  [uniandes.isis2304.SuperAndes.interfazApp.InterfazSuperAndesApp] - NO se encontró un archivo de configuración válido
02:33:14,275 (main) INFO  [uniandes.isis2304.SuperAndes.interfazApp.InterfazSuperAndesApp] - Se aplica configuración por defecto
02:33:14,278 (main) INFO  [uniandes.isis2304.SuperAndes.interfazApp.InterfazSuperAndesApp] - Se encontró un archivo de configuración válido: Tablas BD
02:35:20,881 (main) INFO  [uniandes.isis2304.SuperAndes.interfazApp.InterfazSuperAndesApp] - NO se encontró un archivo de configuración válido
02:35:23,255 (main) INFO  [uniandes.isis2304.SuperAndes.interfazApp.InterfazSuperAndesApp] - Se aplica configuración por defecto
02:35:23,258 (main) INFO  [uniandes.isis2304.SuperAndes.interfazApp.InterfazSuperAndesApp] - Se encontró un archivo de configuración válido: Tablas BD
02:36:47,513 (main) INFO  [uniandes.isis2304.SuperAndes.interfazApp.InterfazSuperAndesApp] - NO se encontró un archivo de configuración válido
02:36:49,062 (main) INFO  [uniandes.isis2304.SuperAndes.interfazApp.InterfazSuperAndesApp] - Se aplica configuración por defecto
02:36:49,065 (main) INFO  [uniandes.isis2304.SuperAndes.interfazApp.InterfazSuperAndesApp] - Se encontró un archivo de configuración válido: Tablas BD
02:38:12,757 (main) INFO  [uniandes.isis2304.SuperAndes.interfazApp.InterfazSuperAndesApp] - NO se encontró un archivo de configuración válido
02:38:13,504 (main) INFO  [uniandes.isis2304.SuperAndes.interfazApp.InterfazSuperAndesApp] - Se aplica configuración por defecto
02:38:13,506 (main) INFO  [uniandes.isis2304.SuperAndes.interfazApp.InterfazSuperAndesApp] - Se encontró un archivo de configuración válido: Tablas BD
02:40:48,641 (main) INFO  [uniandes.isis2304.SuperAndes.interfazApp.InterfazSuperAndesApp] - Se encontró un archivo de configuración válido: Interfaz
02:40:48,641 (main) INFO  [uniandes.isis2304.SuperAndes.interfazApp.InterfazSuperAndesApp] - Se aplica configuración indicada en el archivo de configuración
02:40:48,652 (main) INFO  [uniandes.isis2304.SuperAndes.interfazApp.InterfazSuperAndesApp] - Se encontró un archivo de configuración válido: Tablas BD
02:41:01,732 (main) INFO  [uniandes.isis2304.SuperAndes.interfazApp.InterfazSuperAndesApp] - NO se encontró un archivo de configuración válido
02:41:10,879 (main) INFO  [uniandes.isis2304.SuperAndes.interfazApp.InterfazSuperAndesApp] - Se aplica configuración por defecto
02:41:10,881 (main) INFO  [uniandes.isis2304.SuperAndes.interfazApp.InterfazSuperAndesApp] - Se encontró un archivo de configuración válido: Tablas BD
02:42:04,290 (main) INFO  [uniandes.isis2304.SuperAndes.interfazApp.InterfazSuperAndesApp] - NO se encontró un archivo de configuración válido
02:42:10,643 (main) INFO  [uniandes.isis2304.SuperAndes.interfazApp.InterfazSuperAndesApp] - Se aplica configuración por defecto
02:42:10,650 (main) INFO  [uniandes.isis2304.SuperAndes.interfazApp.InterfazSuperAndesApp] - Se encontró un archivo de configuración válido: Tablas BD
02:42:17,697 (main) INFO  [uniandes.isis2304.SuperAndes.interfazApp.InterfazSuperAndesApp] - Se encontró un archivo de configuración válido: Interfaz
02:42:17,697 (main) INFO  [uniandes.isis2304.SuperAndes.interfazApp.InterfazSuperAndesApp] - Se aplica configuración indicada en el archivo de configuración
02:42:17,708 (main) INFO  [uniandes.isis2304.SuperAndes.interfazApp.InterfazSuperAndesApp] - Se encontró un archivo de configuración válido: Tablas BD
02:43:37,827 (main) INFO  [uniandes.isis2304.SuperAndes.interfazApp.InterfazSuperAndesApp] - NO se encontró un archivo de configuración válido
02:43:44,021 (main) INFO  [uniandes.isis2304.SuperAndes.interfazApp.InterfazSuperAndesApp] - Se aplica configuración por defecto
02:43:44,023 (main) INFO  [uniandes.isis2304.SuperAndes.interfazApp.InterfazSuperAndesApp] - Se encontró un archivo de configuración válido: Tablas BD
