11:42:05,711 (AWT-EventQueue-0) INFO  [uniandes.isis2304.parranderos.negocio.Parranderos] - Limpiando la BD de Parranderos
11:42:05,809 (AWT-EventQueue-0) INFO  [uniandes.isis2304.parranderos.persistencia.PersistenciaParranderos] - Borrada la base de datos
11:42:05,810 (AWT-EventQueue-0) INFO  [uniandes.isis2304.parranderos.negocio.Parranderos] - Limpiando la BD de Parranderos: Listo!
17:49:19,884 (main) INFO  [uniandes.isis2304.parranderos.interfazApp.InterfazParranderosApp] - Se encontró un archivo de configuración válido: Interfaz
17:49:19,884 (main) INFO  [uniandes.isis2304.parranderos.interfazApp.InterfazParranderosApp] - Se aplica configuración indicada en el archivo de configuración
17:49:19,896 (main) INFO  [uniandes.isis2304.parranderos.interfazApp.InterfazParranderosApp] - Se encontró un archivo de configuración válido: Tablas BD
07:41:14,744 (main) INFO  [uniandes.isis2304.parranderos.interfazApp.InterfazParranderosApp] - Se encontró un archivo de configuración válido: Interfaz
07:41:14,745 (main) INFO  [uniandes.isis2304.parranderos.interfazApp.InterfazParranderosApp] - Se aplica configuración indicada en el archivo de configuración
07:41:14,783 (main) INFO  [uniandes.isis2304.parranderos.interfazApp.InterfazParranderosApp] - Se encontró un archivo de configuración válido: Tablas BD
07:50:27,737 (main) INFO  [uniandes.isis2304.parranderos.interfazApp.InterfazParranderosApp] - Se encontró un archivo de configuración válido: Interfaz
07:50:27,737 (main) INFO  [uniandes.isis2304.parranderos.interfazApp.InterfazParranderosApp] - Se aplica configuración indicada en el archivo de configuración
07:50:27,758 (main) INFO  [uniandes.isis2304.parranderos.interfazApp.InterfazParranderosApp] - Se encontró un archivo de configuración válido: Tablas BD
07:53:19,849 (main) INFO  [uniandes.isis2304.parranderos.interfazApp.InterfazParranderosApp] - Se encontró un archivo de configuración válido: Interfaz
07:53:19,850 (main) INFO  [uniandes.isis2304.parranderos.interfazApp.InterfazParranderosApp] - Se aplica configuración indicada en el archivo de configuración
07:53:19,888 (main) INFO  [uniandes.isis2304.parranderos.interfazApp.InterfazParranderosApp] - Se encontró un archivo de configuración válido: Tablas BD
07:53:28,480 (main) INFO  [uniandes.isis2304.parranderos.interfazApp.InterfazParranderosApp] - Se encontró un archivo de configuración válido: Interfaz
07:53:28,481 (main) INFO  [uniandes.isis2304.parranderos.interfazApp.InterfazParranderosApp] - Se aplica configuración indicada en el archivo de configuración
07:53:28,518 (main) INFO  [uniandes.isis2304.parranderos.interfazApp.InterfazParranderosApp] - Se encontró un archivo de configuración válido: Tablas BD
07:54:07,772 (main) INFO  [uniandes.isis2304.parranderos.interfazApp.InterfazParranderosApp] - Se encontró un archivo de configuración válido: Interfaz
07:54:07,773 (main) INFO  [uniandes.isis2304.parranderos.interfazApp.InterfazParranderosApp] - Se aplica configuración indicada en el archivo de configuración
07:54:07,840 (main) INFO  [uniandes.isis2304.parranderos.interfazApp.InterfazParranderosApp] - Se encontró un archivo de configuración válido: Tablas BD
11:20:32,091 (main) INFO  [uniandes.isis2304.parranderos.interfazApp.InterfazParranderosApp] - Se encontró un archivo de configuración válido: Interfaz
11:20:32,092 (main) INFO  [uniandes.isis2304.parranderos.interfazApp.InterfazParranderosApp] - Se aplica configuración indicada en el archivo de configuración
11:20:32,109 (main) INFO  [uniandes.isis2304.parranderos.interfazApp.InterfazParranderosApp] - Se encontró un archivo de configuración válido: Tablas BD
11:40:10,572 (main) INFO  [uniandes.isis2304.SuperAndes.interfazApp.InterfazSuperAndesApp] - Se encontró un archivo de configuración válido: Interfaz
11:40:10,573 (main) INFO  [uniandes.isis2304.SuperAndes.interfazApp.InterfazSuperAndesApp] - Se aplica configuración indicada en el archivo de configuración
11:40:10,587 (main) INFO  [uniandes.isis2304.SuperAndes.interfazApp.InterfazSuperAndesApp] - NO se encontró un archivo de configuración válido
11:44:26,782 (main) INFO  [uniandes.isis2304.SuperAndes.interfazApp.InterfazSuperAndesApp] - Se encontró un archivo de configuración válido: Interfaz
11:44:26,783 (main) INFO  [uniandes.isis2304.SuperAndes.interfazApp.InterfazSuperAndesApp] - Se aplica configuración indicada en el archivo de configuración
11:44:26,800 (main) INFO  [uniandes.isis2304.SuperAndes.interfazApp.InterfazSuperAndesApp] - Se encontró un archivo de configuración válido: Tablas BD
12:18:02,438 (main) INFO  [uniandes.isis2304.SuperAndes.interfazApp.InterfazSuperAndesApp] - Se encontró un archivo de configuración válido: Interfaz
12:18:02,439 (main) INFO  [uniandes.isis2304.SuperAndes.interfazApp.InterfazSuperAndesApp] - Se aplica configuración indicada en el archivo de configuración
12:18:02,455 (main) INFO  [uniandes.isis2304.SuperAndes.interfazApp.InterfazSuperAndesApp] - Se encontró un archivo de configuración válido: Tablas BD
12:18:15,737 (main) INFO  [uniandes.isis2304.SuperAndes.interfazApp.InterfazSuperAndesApp] - Se encontró un archivo de configuración válido: Interfaz
12:18:15,738 (main) INFO  [uniandes.isis2304.SuperAndes.interfazApp.InterfazSuperAndesApp] - Se aplica configuración indicada en el archivo de configuración
12:18:15,753 (main) INFO  [uniandes.isis2304.SuperAndes.interfazApp.InterfazSuperAndesApp] - Se encontró un archivo de configuración válido: Tablas BD
13:08:13,986 (main) INFO  [uniandes.isis2304.SuperAndes.interfazApp.InterfazSuperAndesApp] - Se encontró un archivo de configuración válido: Interfaz
13:08:13,986 (main) INFO  [uniandes.isis2304.SuperAndes.interfazApp.InterfazSuperAndesApp] - Se aplica configuración indicada en el archivo de configuración
13:08:14,004 (main) INFO  [uniandes.isis2304.SuperAndes.interfazApp.InterfazSuperAndesApp] - Se encontró un archivo de configuración válido: Tablas BD
